<?xml version="1.0" encoding="UTF-8"?>
<!-- Generated by org.testng.reporters.JUnitReportReporter -->
<testsuite hostname="DELL-7557" name="com.smart.service.userServiceTest" tests="1" failures="0" timestamp="5 Mar 2018 07:44:24 GMT" time="0.316" errors="0">
  <testcase name="hasMatchUser" time="0.316" classname="com.smart.service.userServiceTest"/>
</testsuite>
